Der Buildvorgang wurde am 10.10.2014 22:19:36 gestartet.
     1>Projekt "E:\Programmieren\C++\Project_Euler.net\Problem1\Problem1\Problem1.vcxproj" auf Knoten "2", build Ziel(e).
     1>InitializeBuildStatus:
         "Debug\Problem1.unsuccessfulbuild" wird erstellt, da "AlwaysCreate" angegeben wurde.
       ClCompile:
         Alle Ausgaben sind aktuell.
         C:\Program Files (x86)\Microsoft Visual Studio 10.0\VC\bin\CL.exe /c /ZI /nologo /W3 /WX- /Od /Oy- /D WIN32 /D _DEBUG /D _CONSOLE /D _UNICODE /D UNICODE /Gm /EHsc /RTC1 /MDd /GS /fp:precise /Zc:wchar_t /Zc:forScope /Yu"StdAfx.h" /Fp"Debug\Problem1.pch" /Fo"Debug\\" /Fd"Debug\vc100.pdb" /Gd /TP /analyze- /errorReport:prompt Problem1.cpp
         Problem1.cpp
       ManifestResourceCompile:
         Alle Ausgaben sind aktuell.
       Link:
         C:\Program Files (x86)\Microsoft Visual Studio 10.0\VC\bin\link.exe /ERRORREPORT:PROMPT /OUT:"E:\Programmieren\C++\Project_Euler.net\Problem1\Debug\Problem1.exe" /INCREMENTAL /NOLOGO kernel32.lib user32.lib gdi32.lib winspool.lib comdlg32.lib advapi32.lib shell32.lib ole32.lib oleaut32.lib uuid.lib odbc32.lib odbccp32.lib /MANIFEST /ManifestFile:"Debug\Problem1.exe.intermediate.manifest" /MANIFESTUAC:"level='asInvoker' uiAccess='false'" /DEBUG /PDB:"E:\Programmieren\C++\Project_Euler.net\Problem1\Debug\Problem1.pdb" /SUBSYSTEM:CONSOLE /TLBID:1 /DYNAMICBASE /NXCOMPAT /IMPLIB:"E:\Programmieren\C++\Project_Euler.net\Problem1\Debug\Problem1.lib" /MACHINE:X86 Debug\Problem1.exe.embed.manifest.res
         Debug\Problem1.obj
         Debug\stdafx.obj
       Manifest:
         C:\Program Files (x86)\Microsoft SDKs\Windows\v7.0A\bin\mt.exe /nologo /verbose /out:"Debug\Problem1.exe.embed.manifest" /manifest Debug\Problem1.exe.intermediate.manifest
         Alle Ausgaben sind aktuell.
       LinkEmbedManifest:
         Alle Ausgaben sind aktuell.
         Problem1.vcxproj -> E:\Programmieren\C++\Project_Euler.net\Problem1\Debug\Problem1.exe
       FinalizeBuildStatus:
         Die Datei "Debug\Problem1.unsuccessfulbuild" wird gelöscht.
         Aktualisieren des Timestamps von "Debug\Problem1.lastbuildstate".
     1>Die Erstellung des Projekts "E:\Programmieren\C++\Project_Euler.net\Problem1\Problem1\Problem1.vcxproj" ist abgeschlossen, build Ziel(e).

Das Erstellen war erfolgreich.

Verstrichene Zeit 00:00:00.46
