Der Buildvorgang wurde am 11.10.2014 12:50:49 gestartet.
     1>Projekt "E:\Programmieren\C++\Project_Euler.net\Problem1\Problem1\Problem1.vcxproj" auf Knoten "2", build Ziel(e).
     1>PrepareForBuild:
         Das Verzeichnis "E:\Programmieren\C++\Project_Euler.net\Problem1\Release\" wird erstellt.
       InitializeBuildStatus:
         "Release\Problem1.unsuccessfulbuild" wird erstellt, da "AlwaysCreate" angegeben wurde.
       ClCompile:
         C:\Program Files (x86)\Microsoft Visual Studio 10.0\VC\bin\CL.exe /c /Zi /nologo /W3 /WX- /O2 /Oi /Oy- /GL /D _MBCS /Gm- /EHsc /MD /GS /Gy /fp:precise /Zc:wchar_t /Zc:forScope /Fo"Release\\" /Fd"Release\vc100.pdb" /Gd /TP /analyze- /errorReport:prompt main.cpp
         main.cpp
       Link:
         C:\Program Files (x86)\Microsoft Visual Studio 10.0\VC\bin\link.exe /ERRORREPORT:PROMPT /OUT:"E:\Programmieren\C++\Project_Euler.net\Problem1\Release\Problem1.exe" /NOLOGO kernel32.lib user32.lib gdi32.lib winspool.lib comdlg32.lib advapi32.lib shell32.lib ole32.lib oleaut32.lib uuid.lib odbc32.lib odbccp32.lib /MANIFEST /ManifestFile:"Release\Problem1.exe.intermediate.manifest" /MANIFESTUAC:"level='asInvoker' uiAccess='false'" /DEBUG /PDB:"E:\Programmieren\C++\Project_Euler.net\Problem1\Release\Problem1.pdb" /OPT:REF /OPT:ICF /LTCG /TLBID:1 /DYNAMICBASE /NXCOMPAT /IMPLIB:"E:\Programmieren\C++\Project_Euler.net\Problem1\Release\Problem1.lib" /MACHINE:X86 Release\main.obj
         Code wird generiert.
         Codegenerierung ist abgeschlossen.
         Problem1.vcxproj -> E:\Programmieren\C++\Project_Euler.net\Problem1\Release\Problem1.exe
       Manifest:
         C:\Program Files (x86)\Microsoft SDKs\Windows\v7.0A\bin\mt.exe /nologo /verbose /outputresource:"E:\Programmieren\C++\Project_Euler.net\Problem1\Release\Problem1.exe;#1" /manifest Release\Problem1.exe.intermediate.manifest
       FinalizeBuildStatus:
         Die Datei "Release\Problem1.unsuccessfulbuild" wird gelöscht.
         Aktualisieren des Timestamps von "Release\Problem1.lastbuildstate".
     1>Die Erstellung des Projekts "E:\Programmieren\C++\Project_Euler.net\Problem1\Problem1\Problem1.vcxproj" ist abgeschlossen, build Ziel(e).

Das Erstellen war erfolgreich.

Verstrichene Zeit 00:00:01.03
